/*C12*/SET SCHEMA PUBLIC
drop table hobby if exists
drop table person if exists
drop sequence hibernate_sequence if exists
create sequence hibernate_sequence start with 1 increment by 1
create table hobby (id bigint not null, hobby_name varchar(255), person_id bigint, primary key (id))
create table person (id bigint not null, country varchar(255), gender varchar(255), name varchar(255), primary key (id))
alter table hobby add constraint FKmbet330492if5duofm1gcuu1a foreign key (person_id) references person
INSERT INTO PERSON VALUES(1,'America','M','Abul Kashem')
ALTER SEQUENCE PUBLIC.HIBERNATE_SEQUENCE RESTART WITH 2
COMMIT
INSERT INTO PERSON VALUES(2,'Bangladesh','M','Rahman Rashid')
ALTER SEQUENCE PUBLIC.HIBERNATE_SEQUENCE RESTART WITH 3
COMMIT
INSERT INTO HOBBY VALUES(3,'Photography',1)
ALTER SEQUENCE PUBLIC.HIBERNATE_SEQUENCE RESTART WITH 4
COMMIT
INSERT INTO HOBBY VALUES(4,'Dancing',2)
ALTER SEQUENCE PUBLIC.HIBERNATE_SEQUENCE RESTART WITH 5
COMMIT
INSERT INTO HOBBY VALUES(5,'Photography',2)
ALTER SEQUENCE PUBLIC.HIBERNATE_SEQUENCE RESTART WITH 6
COMMIT
alter table hobby drop constraint FKmbet330492if5duofm1gcuu1a
drop table hobby if exists
drop table person if exists
drop sequence hibernate_sequence if exists
DISCONNECT
/*C13*/SET SCHEMA PUBLIC
DISCONNECT
/*C14*/SET SCHEMA PUBLIC
DISCONNECT
/*C15*/SET SCHEMA PUBLIC
DISCONNECT
/*C16*/SET SCHEMA PUBLIC
DISCONNECT
/*C17*/SET SCHEMA PUBLIC
DISCONNECT
/*C18*/SET SCHEMA PUBLIC
DISCONNECT
/*C19*/SET SCHEMA PUBLIC
DISCONNECT
/*C20*/SET SCHEMA PUBLIC
DISCONNECT
/*C21*/SET SCHEMA PUBLIC
DISCONNECT
